c:\users\kusam\source\repos\dllsamp\dllsamp\release\dllsamp.pch
c:\users\kusam\source\repos\dllsamp\dllsamp\release\vc141.pdb
c:\users\kusam\source\repos\dllsamp\dllsamp\release\stdafx.obj
c:\users\kusam\source\repos\dllsamp\dllsamp\release\dllsamp.obj
c:\users\kusam\source\repos\dllsamp\dllsamp\release\dllmain.obj
c:\users\kusam\source\repos\dllsamp\release\dllsamp.ipdb
c:\users\kusam\source\repos\dllsamp\release\dllsamp.iobj
c:\users\kusam\source\repos\dllsamp\release\dllsamp.dll
c:\users\kusam\source\repos\dllsamp\release\dllsamp.pdb
c:\users\kusam\documents\cpp_code\dll_samp\dllsamp\dllsamp\release\dllmain.obj
c:\users\kusam\documents\cpp_code\dll_samp\dllsamp\dllsamp\release\dllsamp.obj
c:\users\kusam\documents\cpp_code\dll_samp\dllsamp\dllsamp\release\stdafx.obj
c:\users\kusam\documents\cpp_code\dll_samp\dllsamp\dllsamp\release\dllsamp.pch
c:\users\kusam\documents\cpp_code\dll_samp\dllsamp\dllsamp\release\vc141.pdb
c:\users\kusam\documents\cpp_code\dll_samp\dllsamp\release\dllsamp.pdb
c:\users\kusam\documents\cpp_code\dll_samp\dllsamp\release\dllsamp.dll
c:\users\kusam\documents\cpp_code\dll_samp\dllsamp\dllsamp\release\dllsamp.tlog\cl.command.1.tlog
c:\users\kusam\documents\cpp_code\dll_samp\dllsamp\dllsamp\release\dllsamp.tlog\cl.read.1.tlog
c:\users\kusam\documents\cpp_code\dll_samp\dllsamp\dllsamp\release\dllsamp.tlog\cl.write.1.tlog
c:\users\kusam\documents\cpp_code\dll_samp\dllsamp\dllsamp\release\dllsamp.tlog\dllsamp.write.1u.tlog
c:\users\kusam\documents\cpp_code\dll_samp\dllsamp\dllsamp\release\dllsamp.tlog\link.command.1.tlog
c:\users\kusam\documents\cpp_code\dll_samp\dllsamp\dllsamp\release\dllsamp.tlog\link.read.1.tlog
c:\users\kusam\documents\cpp_code\dll_samp\dllsamp\dllsamp\release\dllsamp.tlog\link.write.1.tlog
